SF:lib\data\datasources\clients\photo_http_client.dart
DA:10,2
DA:12,2
DA:16,2
DA:18,4
DA:22,6
DA:23,4
DA:24,10
LF:7
LH:7
end_of_record
SF:lib\data\repositories\photo_repository.dart
DA:8,2
DA:10,2
DA:14,4
LF:3
LH:3
end_of_record
SF:lib\utils\contants.dart
DA:28,2
LF:1
LH:1
end_of_record
SF:lib\core\navigation\routes_generator.dart
DA:8,1
DA:9,1
DA:10,1
DA:11,1
DA:12,1
DA:15,1
DA:16,1
DA:17,1
DA:21,0
DA:22,0
LF:10
LH:8
end_of_record
SF:lib\presentation\pages\photos_page.dart
DA:13,2
DA:14,1
DA:15,1
DA:19,1
DA:21,2
DA:22,2
DA:24,3
DA:25,3
DA:27,1
DA:28,1
DA:29,1
DA:31,1
DA:33,1
DA:37,1
DA:38,1
DA:40,1
DA:42,1
DA:43,1
DA:46,1
DA:52,0
DA:57,0
DA:58,0
DA:60,0
LF:23
LH:19
end_of_record
SF:lib\presentation\pages\splash_page.dart
DA:10,2
DA:12,1
DA:13,1
DA:17,1
DA:19,3
DA:20,5
DA:22,1
DA:27,3
DA:31,1
DA:34,1
DA:36,2
DA:37,2
DA:38,1
DA:41,1
DA:44,1
DA:45,1
DA:46,1
DA:48,1
DA:49,1
DA:51,1
DA:54,1
LF:21
LH:21
end_of_record
SF:lib\domain\models\photo\photo.dart
DA:14,2
DA:22,0
DA:24,0
DA:27,4
DA:29,0
DA:31,0
DA:38,0
DA:39,0
DA:40,0
DA:41,0
DA:42,0
DA:43,0
DA:47,0
DA:50,0
DA:51,0
DA:52,0
DA:55,0
DA:57,0
DA:58,0
DA:59,0
DA:60,0
DA:61,0
LF:22
LH:2
end_of_record
SF:lib\domain\models\photo\photo.g.dart
DA:9,4
DA:10,4
DA:11,4
DA:12,2
DA:13,2
DA:14,2
DA:17,0
DA:18,0
DA:19,0
DA:20,0
DA:21,0
DA:22,0
LF:12
LH:6
end_of_record
SF:lib\data\providers\data_providers.dart
DA:6,3
DA:7,0
DA:8,0
DA:9,0
LF:4
LH:1
end_of_record
SF:lib\main.dart
DA:7,0
DA:8,0
DA:16,3
DA:18,1
DA:20,1
DA:22,1
DA:23,1
DA:24,1
LF:8
LH:6
end_of_record
SF:lib\presentation\controllers\photos_controller.dart
DA:10,1
DA:15,1
DA:16,1
DA:18,4
DA:19,5
DA:20,2
DA:22,0
LF:7
LH:6
end_of_record
SF:lib\presentation\controllers\photos_controller.g.dart
DA:9,1
DA:13,2
DA:14,1
LF:3
LH:3
end_of_record
SF:lib\presentation\providers\presentation_providers.dart
DA:5,4
DA:7,4
LF:2
LH:2
end_of_record
SF:lib\presentation\widgets\photo_list_pagination_widget.dart
DA:10,1
DA:17,1
DA:18,1
DA:23,1
DA:29,1
DA:31,2
DA:32,1
DA:35,0
DA:36,0
DA:37,0
DA:43,1
DA:45,1
DA:46,2
DA:47,9
DA:49,1
DA:50,1
DA:51,1
DA:53,1
DA:54,1
DA:56,1
DA:57,1
DA:58,1
DA:61,1
DA:64,1
DA:67,1
DA:69,2
DA:70,1
DA:71,0
DA:72,0
DA:73,0
DA:74,0
DA:77,1
DA:79,1
DA:83,1
DA:84,2
DA:88,1
DA:89,0
DA:90,0
DA:91,0
DA:92,0
DA:95,1
LF:41
LH:30
end_of_record
SF:lib\presentation\widgets\appbar_widget.dart
DA:8,1
DA:15,1
DA:16,1
DA:23,1
DA:25,1
DA:27,2
DA:28,2
DA:29,0
DA:33,1
DA:35,1
DA:37,1
DA:38,1
DA:39,1
DA:40,1
DA:41,1
DA:45,1
DA:46,2
LF:17
LH:16
end_of_record
SF:lib\presentation\widgets\error_widget.dart
DA:8,0
DA:13,0
DA:15,0
DA:16,0
DA:18,0
DA:22,0
DA:23,0
DA:29,0
DA:30,0
DA:31,0
DA:33,0
DA:35,0
DA:36,0
LF:13
LH:0
end_of_record
SF:lib\presentation\widgets\photo_list_widget.dart
DA:7,1
DA:14,1
DA:15,1
DA:20,1
DA:26,1
DA:28,1
DA:29,5
DA:30,3
DA:31,1
DA:34,1
DA:36,2
DA:37,1
DA:40,0
DA:41,0
DA:42,0
DA:43,0
DA:44,0
DA:45,0
DA:46,0
DA:51,1
DA:53,1
DA:54,1
DA:55,1
DA:56,1
DA:57,1
DA:58,2
DA:61,1
DA:64,2
LF:28
LH:21
end_of_record
SF:lib\presentation\widgets\photo_card.dart
DA:8,1
DA:15,1
DA:17,2
DA:18,2
DA:19,1
DA:21,1
DA:23,1
DA:24,1
DA:25,1
DA:26,1
DA:28,1
DA:29,1
DA:30,1
DA:33,1
DA:34,1
DA:36,1
DA:37,1
DA:38,1
DA:40,1
DA:41,1
DA:42,1
DA:44,1
DA:49,1
DA:51,0
DA:52,0
DA:53,0
DA:54,0
DA:61,2
DA:63,1
DA:64,1
DA:67,1
DA:68,1
DA:70,0
DA:78,1
DA:80,1
DA:84,1
DA:86,1
DA:90,1
DA:91,2
LF:39
LH:34
end_of_record
